e:\users\jake coffey\desktop\fyp\thesauros labyrinthos\thesauros labyrinthos\debug\vc140.pdb
e:\users\jake coffey\desktop\fyp\thesauros labyrinthos\thesauros labyrinthos\debug\vc140.idb
e:\users\jake coffey\desktop\fyp\thesauros labyrinthos\thesauros labyrinthos\debug\camera.obj
e:\users\jake coffey\desktop\fyp\thesauros labyrinthos\thesauros labyrinthos\debug\floorcell.obj
e:\users\jake coffey\desktop\fyp\thesauros labyrinthos\thesauros labyrinthos\debug\main.obj
e:\users\jake coffey\desktop\fyp\thesauros labyrinthos\thesauros labyrinthos\debug\playercharacter.obj
e:\users\jake coffey\desktop\fyp\thesauros labyrinthos\thesauros labyrinthos\debug\wallcell.obj
e:\users\jake coffey\desktop\fyp\thesauros labyrinthos\thesauros labyrinthos\debug\mazegeneration.obj
e:\users\jake coffey\desktop\fyp\thesauros labyrinthos\thesauros labyrinthos\debug\exitcell.obj
e:\users\jake coffey\desktop\fyp\thesauros labyrinthos\thesauros labyrinthos\debug\textureloader.obj
e:\users\jake coffey\desktop\fyp\thesauros labyrinthos\thesauros labyrinthos\debug\gamemanager.obj
e:\users\jake coffey\desktop\fyp\thesauros labyrinthos\thesauros labyrinthos\debug\torchlight.obj
e:\users\jake coffey\desktop\fyp\thesauros labyrinthos\debug\thesauros labyrinthos.ilk
e:\users\jake coffey\desktop\fyp\thesauros labyrinthos\debug\thesauros labyrinthos.exe
e:\users\jake coffey\desktop\fyp\thesauros labyrinthos\debug\thesauros labyrinthos.pdb
e:\users\jake coffey\desktop\fyp\thesauros labyrinthos\thesauros labyrinthos\debug\mazegeneration.obj.enc
e:\users\jake coffey\desktop\fyp\thesauros labyrinthos\thesauros labyrinthos\debug\thesauro.81008131.tlog\cl.command.1.tlog
e:\users\jake coffey\desktop\fyp\thesauros labyrinthos\thesauros labyrinthos\debug\thesauro.81008131.tlog\cl.read.1.tlog
e:\users\jake coffey\desktop\fyp\thesauros labyrinthos\thesauros labyrinthos\debug\thesauro.81008131.tlog\cl.write.1.tlog
e:\users\jake coffey\desktop\fyp\thesauros labyrinthos\thesauros labyrinthos\debug\thesauro.81008131.tlog\link.command.1.tlog
e:\users\jake coffey\desktop\fyp\thesauros labyrinthos\thesauros labyrinthos\debug\thesauro.81008131.tlog\link.read.1.tlog
e:\users\jake coffey\desktop\fyp\thesauros labyrinthos\thesauros labyrinthos\debug\thesauro.81008131.tlog\link.write.1.tlog
